<?xml version="1.0" encoding="UTF-8"?>
<!-- Generated by org.testng.reporters.JUnitReportReporter -->
<testsuite hostname="DESKTOP-E7CUST6" failures="0" tests="1" name="Module5_OrderTest.SwagLabOrderTest" time="20.102" errors="0" timestamp="2024-12-23T23:47:46 IST" skipped="0">
  <testcase classname="Module5_OrderTest.SwagLabOrderTest" name="PurchaseAnyProduct" time="20.102"/>
</testsuite> <!-- Module5_OrderTest.SwagLabOrderTest -->
