<?xml version="1.0" encoding="UTF-8"?>
<!-- Generated by org.testng.reporters.JUnitReportReporter -->
<testsuite hostname="DESKTOP-E7CUST6" failures="0" tests="1" name="Module1_LoginTest.SwagLabLoginTest" time="9.928" errors="0" timestamp="2024-11-28T11:50:40 IST" skipped="0">
  <testcase classname="Module1_LoginTest.SwagLabLoginTest" name="verifyLogo" time="9.928"/>
</testsuite> <!-- Module1_LoginTest.SwagLabLoginTest -->
