<?xml version="1.0" encoding="UTF-8"?>
<!-- Generated by org.testng.reporters.JUnitReportReporter -->
<testsuite hostname="DESKTOP-E7CUST6" failures="0" tests="4" name="testNGpckg.testsuiteexample" time="0.025" errors="0" timestamp="2025-01-02T17:04:08 IST" skipped="0">
  <testcase classname="testNGpckg.testsuiteexample" name="testMethod3" time="0.005">
    <system-out>
      <![CDATA[test 3 running]]>
    </system-out>
  </testcase> <!-- testMethod3 -->
  <testcase classname="testNGpckg.testsuiteexample" name="testMethod2" time="0.005"/>
  <testcase classname="testNGpckg.testsuiteexample" name="testMethod4" time="0.003"/>
  <testcase classname="testNGpckg.testsuiteexample" name="testMethod1" time="0.012"/>
  <system-out>
    <![CDATA[test 3 running
--running TC1--
--running TC2--
--running TC3--]]>
  </system-out>
</testsuite> <!-- testNGpckg.testsuiteexample -->
