<?xml version="1.0" encoding="UTF-8"?>
<!-- Generated by org.testng.reporters.JUnitReportReporter -->
<testsuite hostname="DESKTOP-E7CUST6" failures="0" tests="1" name="testNGpckg.sample2" time="0.002" errors="0" timestamp="2025-01-02T18:15:56 IST" skipped="0">
  <testcase classname="testNGpckg.sample2" name="testMethod11" time="0.002"/>
  <system-out>
    <![CDATA[Before Method Running
Before Method Running
test 3 running
Before Method Running
Before Method Running
Before Method Running]]>
  </system-out>
</testsuite> <!-- testNGpckg.sample2 -->
