<?xml version="1.0" encoding="UTF-8"?>
<!-- Generated by org.testng.reporters.JUnitReportReporter -->
<testsuite hostname="DESKTOP-E7CUST6" failures="0" tests="3" name="TestNG.aa$ex3_emailableReport" time="0.012" errors="0" timestamp="2025-01-02T14:58:12 IST" skipped="0">
  <testcase classname="TestNG.aa$ex3_emailableReport" name="TC1" time="0.012">
    <system-out>
      <![CDATA[--running TC1--]]>
    </system-out>
  </testcase> <!-- TC1 -->
  <testcase classname="TestNG.aa$ex3_emailableReport" name="TC2" time="0.000">
    <system-out>
      <![CDATA[--running TC2--]]>
    </system-out>
  </testcase> <!-- TC2 -->
  <testcase classname="TestNG.aa$ex3_emailableReport" name="TC3" time="0.000">
    <system-out>
      <![CDATA[--running TC3--]]>
    </system-out>
  </testcase> <!-- TC3 -->
  <system-out>
    <![CDATA[--running TC1--
--running TC2--
--running TC3--]]>
  </system-out>
</testsuite> <!-- TestNG.aa$ex3_emailableReport -->
