<?xml version="1.0" encoding="UTF-8"?>
<!-- Generated by org.testng.reporters.JUnitReportReporter -->
<testsuite hostname="DESKTOP-E7CUST6" failures="0" tests="5" name="TestPractice.TestNGProgramTestSuite" time="0.016" errors="0" timestamp="2025-01-24T11:09:30 IST" skipped="0">
  <testcase classname="TestPractice.TestNGProgramTestSuite" name="TC5" time="0.009"/>
  <testcase classname="TestPractice.TestNGProgramTestSuite" name="TC4" time="0.002"/>
  <testcase classname="TestPractice.TestNGProgramTestSuite" name="TC1" time="0.001"/>
  <testcase classname="TestPractice.TestNGProgramTestSuite" name="TC2" time="0.002"/>
  <testcase classname="TestPractice.TestNGProgramTestSuite" name="TC3" time="0.002"/>
</testsuite> <!-- TestPractice.TestNGProgramTestSuite -->
