<?xml version="1.0" encoding="UTF-8"?>
<!-- Generated by org.testng.reporters.JUnitReportReporter -->
<testsuite hostname="DESKTOP-E7CUST6" failures="0" tests="1" name="testNGpckg.softAssert" time="0.026" errors="0" timestamp="2025-01-02T17:17:21 IST" skipped="0">
  <testcase classname="testNGpckg.softAssert" name="testMethod2" time="0.026"/>
</testsuite> <!-- testNGpckg.softAssert -->
