<?xml version="1.0" encoding="UTF-8"?>
<!-- Generated by org.testng.reporters.JUnitReportReporter -->
<testsuite hostname="DESKTOP-E7CUST6" failures="0" tests="2" name="testNGpckg.aa2" time="0.012" errors="0" timestamp="2025-01-02T16:28:26 IST" skipped="0">
  <testcase classname="testNGpckg.aa2" name="normal" time="0.009"/>
  <testcase classname="testNGpckg.aa2" name="verifyLogo" time="0.003">
    <system-out>
      <![CDATA[Logo Verified]]>
    </system-out>
  </testcase> <!-- verifyLogo -->
  <system-out>
    <![CDATA[Login to App
Logout To App
Login to App
Logo Verified
Logout To App
Browser Close]]>
  </system-out>
</testsuite> <!-- testNGpckg.aa2 -->
