<?xml version="1.0" encoding="UTF-8"?>
<!-- Generated by org.testng.reporters.JUnitReportReporter -->
<testsuite hostname="DESKTOP-E7CUST6" failures="0" tests="5" name="TestPractice.emailableReportInTestNGProgram" time="6.085" errors="0" timestamp="2025-01-24T10:24:11 IST" skipped="0">
  <testcase classname="TestPractice.emailableReportInTestNGProgram" name="TC1" time="6.075"/>
  <testcase classname="TestPractice.emailableReportInTestNGProgram" name="TC5" time="0.002"/>
  <testcase classname="TestPractice.emailableReportInTestNGProgram" name="TC4" time="0.002">
    <system-out>
      <![CDATA[TC 4 Running]]>
    </system-out>
  </testcase> <!-- TC4 -->
  <testcase classname="TestPractice.emailableReportInTestNGProgram" name="TC3" time="0.003">
    <system-out>
      <![CDATA[TC3 running]]>
    </system-out>
  </testcase> <!-- TC3 -->
  <testcase classname="TestPractice.emailableReportInTestNGProgram" name="TC2" time="0.003">
    <system-out>
      <![CDATA[TC2 Running]]>
    </system-out>
  </testcase> <!-- TC2 -->
  <system-out>
    <![CDATA[TC2 Running
TC3 running
TC 4 Running]]>
  </system-out>
</testsuite> <!-- TestPractice.emailableReportInTestNGProgram -->
