<?xml version="1.0" encoding="UTF-8"?>
<!-- Generated by org.testng.reporters.JUnitReportReporter -->
<testsuite hostname="DESKTOP-E7CUST6" failures="0" tests="1" name="testNGpckg.testNG_Annotations" time="0.010" errors="0" timestamp="2025-01-02T16:39:25 IST" skipped="0">
  <testcase classname="testNGpckg.testNG_Annotations" name="testmethod" time="0.010"/>
  <system-out>
    <![CDATA[Before Method Running]]>
  </system-out>
</testsuite> <!-- testNGpckg.testNG_Annotations -->
