<?xml version="1.0" encoding="UTF-8"?>
<!-- Generated by org.testng.reporters.JUnitReportReporter -->
<testsuite hostname="DESKTOP-E7CUST6" failures="0" tests="2" name="testNGpckg.p1" time="9.622" errors="0" timestamp="2025-01-02T18:52:20 IST" skipped="0">
  <testcase classname="testNGpckg.p1" name="tc1" time="0.004"/>
  <testcase classname="testNGpckg.p1" name="fireFoxMethod" time="9.618"/>
</testsuite> <!-- testNGpckg.p1 -->
