<?xml version="1.0" encoding="UTF-8"?>
<!-- Generated by org.testng.reporters.JUnitReportReporter -->
<testsuite hostname="DESKTOP-E7CUST6" failures="0" tests="2" name="testNGpckg.p2" time="10.701" errors="0" timestamp="2025-01-02T18:52:20 IST" skipped="0">
  <testcase classname="testNGpckg.p2" name="fireFoxMethod" time="10.695"/>
  <testcase classname="testNGpckg.p2" name="tc1" time="0.006"/>
</testsuite> <!-- testNGpckg.p2 -->
