<?xml version="1.0" encoding="UTF-8"?>
<!-- Generated by org.testng.reporters.JUnitReportReporter -->
<testsuite hostname="DESKTOP-E7CUST6" failures="0" tests="1" name="testNGpckg.parallel2" time="11.875" errors="0" timestamp="2025-01-02T18:47:47 IST" skipped="0">
  <testcase classname="testNGpckg.parallel2" name="fireFoxMethod" time="11.875"/>
</testsuite> <!-- testNGpckg.parallel2 -->
