<?xml version="1.0" encoding="UTF-8"?>
<!-- Generated by org.testng.reporters.JUnitReportReporter -->
<testsuite hostname="DESKTOP-E7CUST6" failures="0" tests="1" name="TestNG.testNGTestClass" time="3.165" errors="0" timestamp="2025-01-02T14:56:22 IST" skipped="0">
  <testcase classname="TestNG.testNGTestClass" name="TC1" time="3.165"/>
</testsuite> <!-- TestNG.testNGTestClass -->
