<?xml version="1.0" encoding="UTF-8"?>
<!-- Generated by org.testng.reporters.JUnitReportReporter -->
<testsuite hostname="DESKTOP-E7CUST6" failures="0" tests="2" name="TestPractice.parallelFacebook" time="4.254" errors="0" timestamp="2025-01-24T11:33:24 IST" skipped="0">
  <testcase classname="TestPractice.parallelFacebook" name="TC1" time="0.013">
    <system-out>
      <![CDATA[TC1 Running]]>
    </system-out>
  </testcase> <!-- TC1 -->
  <testcase classname="TestPractice.parallelFacebook" name="loginToFacebook" time="4.241"/>
  <system-out>
    <![CDATA[TC1 googleRunning
TC1 Running]]>
  </system-out>
</testsuite> <!-- TestPractice.parallelFacebook -->
