<?xml version="1.0" encoding="UTF-8"?>
<!-- Generated by org.testng.reporters.JUnitReportReporter -->
<testsuite hostname="DESKTOP-E7CUST6" failures="0" tests="2" name="TestPractice.parallelGoogle" time="3.332" errors="0" timestamp="2025-01-24T11:33:24 IST" skipped="0">
  <testcase classname="TestPractice.parallelGoogle" name="loginToGoogle" time="3.319"/>
  <testcase classname="TestPractice.parallelGoogle" name="TC3" time="0.013">
    <system-out>
      <![CDATA[TC1 googleRunning]]>
    </system-out>
  </testcase> <!-- TC3 -->
  <system-out>
    <![CDATA[TC1 googleRunning
TC1 Running]]>
  </system-out>
</testsuite> <!-- TestPractice.parallelGoogle -->
