<?xml version="1.0" encoding="UTF-8"?>
<!-- Generated by org.testng.reporters.JUnitReportReporter -->
<testsuite hostname="DESKTOP-E7CUST6" failures="0" tests="2" name="TestPractice.parallelFlipkart" time="7.255" errors="0" timestamp="2025-01-24T11:25:27 IST" skipped="0">
  <testcase classname="TestPractice.parallelFlipkart" name="TC1" time="0.015">
    <system-out>
      <![CDATA[TC1 Fliptkart Running]]>
    </system-out>
  </testcase> <!-- TC1 -->
  <testcase classname="TestPractice.parallelFlipkart" name="loginToFacebook" time="7.240"/>
  <system-out>
    <![CDATA[TC1 Running
TC1 Fliptkart Running
TC1 googleRunning]]>
  </system-out>
</testsuite> <!-- TestPractice.parallelFlipkart -->
