<?xml version="1.0" encoding="UTF-8"?>
<!-- Generated by org.testng.reporters.JUnitReportReporter -->
<testsuite hostname="DESKTOP-E7CUST6" failures="0" tests="2" name="testNGpckg.Groups_TC_UsingTestSuite" time="0.020" errors="0" timestamp="2025-01-02T18:39:37 IST" skipped="0">
  <testcase classname="testNGpckg.Groups_TC_UsingTestSuite" name="testMethod1" time="0.019"/>
  <testcase classname="testNGpckg.Groups_TC_UsingTestSuite" name="testMethod2" time="0.001"/>
</testsuite> <!-- testNGpckg.Groups_TC_UsingTestSuite -->
