<?xml version="1.0" encoding="UTF-8"?>
<!-- Generated by org.testng.reporters.JUnitReportReporter -->
<testsuite hostname="DESKTOP-E7CUST6" failures="0" tests="3" name="testNGpckg.aa" time="0.011" errors="0" timestamp="2025-01-02T17:04:08 IST" skipped="0">
  <testcase classname="testNGpckg.aa" name="TC1" time="0.002">
    <system-out>
      <![CDATA[--running TC1--]]>
    </system-out>
  </testcase> <!-- TC1 -->
  <testcase classname="testNGpckg.aa" name="TC2" time="0.006">
    <system-out>
      <![CDATA[--running TC2--]]>
    </system-out>
  </testcase> <!-- TC2 -->
  <testcase classname="testNGpckg.aa" name="TC3" time="0.003">
    <system-out>
      <![CDATA[--running TC3--]]>
    </system-out>
  </testcase> <!-- TC3 -->
  <system-out>
    <![CDATA[test 3 running
--running TC1--
--running TC2--
--running TC3--]]>
  </system-out>
</testsuite> <!-- testNGpckg.aa -->
