<?xml version="1.0" encoding="UTF-8"?>
<!-- Generated by org.testng.reporters.JUnitReportReporter -->
<testsuite hostname="DESKTOP-E7CUST6" failures="0" tests="1" name="TestPractice.TestNGAnnotationsExample" time="0.005" errors="0" timestamp="2025-01-24T11:05:41 IST" skipped="0">
  <testcase classname="TestPractice.TestNGAnnotationsExample" name="searchTest" time="0.005"/>
</testsuite> <!-- TestPractice.TestNGAnnotationsExample -->
