<?xml version="1.0" encoding="UTF-8"?>
<!-- Generated by org.testng.reporters.JUnitReportReporter -->
<testsuite hostname="DESKTOP-E7CUST6" failures="0" tests="1" name="testNGpckg.parallel3" time="7.760" errors="0" timestamp="2025-01-02T18:47:47 IST" skipped="0">
  <testcase classname="testNGpckg.parallel3" name="edgeMethod" time="7.760"/>
</testsuite> <!-- testNGpckg.parallel3 -->
