<?xml version="1.0" encoding="UTF-8"?>
<!-- Generated by org.testng.reporters.JUnitReportReporter -->
<testsuite hostname="DESKTOP-E7CUST6" failures="0" tests="2" name="testNGpckg.emailablereport" time="0.015" errors="0" timestamp="2025-01-02T16:35:00 IST" skipped="0">
  <testcase classname="testNGpckg.emailablereport" name="emailable_report_method" time="0.013">
    <system-out>
      <![CDATA[abc]]>
    </system-out>
  </testcase> <!-- emailable_report_method -->
  <testcase classname="testNGpckg.emailablereport" name="printmsg" time="0.002"/>
  <system-out>
    <![CDATA[abc]]>
  </system-out>
</testsuite> <!-- testNGpckg.emailablereport -->
