<?xml version="1.0" encoding="UTF-8"?>
<!-- Generated by org.testng.reporters.JUnitReportReporter -->
<testsuite hostname="DESKTOP-E7CUST6" failures="0" tests="1" name="testNGpckg.SampleFailedXML" time="2.034" errors="1" timestamp="2025-01-02T18:33:05 IST" skipped="0">
  <testcase classname="testNGpckg.SampleFailedXML" name="testMethod25" time="2.034">
    <error message="Method testNGpckg.SampleFailedXML.testMethod25() didn&#039;t finish within the time-out 2000" type="org.testng.internal.thread.ThreadTimeoutException">
      <![CDATA[org.testng.internal.thread.ThreadTimeoutException: Method testNGpckg.SampleFailedXML.testMethod25() didn't finish within the time-out 2000
at java.base@17.0.8.1/java.lang.Thread.sleep(Native Method)
at app//testNGpckg.SampleFailedXML.testMethod25(SampleFailedXML.java:66)
at java.base@17.0.8.1/jdk.internal.reflect.NativeMethodAccessorImpl.invoke0(Native Method)
at java.base@17.0.8.1/jdk.internal.reflect.NativeMethodAccessorImpl.invoke(NativeMethodAccessorImpl.java:77)
at java.base@17.0.8.1/jdk.internal.reflect.DelegatingMethodAccessorImpl.invoke(DelegatingMethodAccessorImpl.java:43)
at java.base@17.0.8.1/java.lang.reflect.Method.invoke(Method.java:568)
at app//org.testng.internal.invokers.MethodInvocationHelper.invokeMethod(MethodInvocationHelper.java:141)
at app//org.testng.internal.invokers.InvokeMethodRunnable.runOne(InvokeMethodRunnable.java:47)
at app//org.testng.internal.invokers.InvokeMethodRunnable.call(InvokeMethodRunnable.java:76)
at app//org.testng.internal.invokers.InvokeMethodRunnable.call(InvokeMethodRunnable.java:11)
at java.base@17.0.8.1/java.util.concurrent.FutureTask.run(FutureTask.java:264)
at java.base@17.0.8.1/java.util.concurrent.ThreadPoolExecutor.runWorker(ThreadPoolExecutor.java:1136)
at java.base@17.0.8.1/java.util.concurrent.ThreadPoolExecutor$Worker.run(ThreadPoolExecutor.java:635)
at java.base@17.0.8.1/java.lang.Thread.run(Thread.java:833)
]]>
    </error>
  </testcase> <!-- testMethod25 -->
  <system-out>
    <![CDATA[-----------Before Method Running]]>
  </system-out>
</testsuite> <!-- testNGpckg.SampleFailedXML -->
