<?xml version="1.0" encoding="UTF-8"?>
<!-- Generated by org.testng.reporters.JUnitReportReporter -->
<testsuite hostname="DESKTOP-E7CUST6" failures="0" tests="1" name="TestNG.AnnotationTestNG" time="0.012" errors="0" timestamp="2025-01-02T16:09:37 IST" skipped="0">
  <testcase classname="TestNG.AnnotationTestNG" name="verifyLogo" time="0.012">
    <system-out>
      <![CDATA[Logo Verified]]>
    </system-out>
  </testcase> <!-- verifyLogo -->
  <system-out>
    <![CDATA[Login to App
Logo Verified
Logout To App
Browser Close]]>
  </system-out>
</testsuite> <!-- TestNG.AnnotationTestNG -->
