<?xml version="1.0" encoding="UTF-8"?>
<!-- Generated by org.testng.reporters.JUnitReportReporter -->
<testsuite hostname="DESKTOP-E7CUST6" failures="0" tests="8" name="TestNG.Sample2" time="0.016" errors="0" timestamp="2024-11-16T09:26:52 IST" skipped="0">
  <testcase classname="TestNG.Sample2" name="TC44" time="0.001"/>
  <system-out>
    <![CDATA[-----Running TC44---]]>
  </system-out>
  <testcase classname="TestNG.Sample2" name="verifyLogo1" time="0.001"/>
  <system-out>
    <![CDATA[----Logo Verified1-----]]>
  </system-out>
  <testcase classname="TestNG.Sample2" name="TC22" time="0.002"/>
  <system-out>
    <![CDATA[----Running TC22--]]>
  </system-out>
  <testcase classname="TestNG.Sample2" name="verifyLogoMessage1" time="0.001"/>
  <system-out>
    <![CDATA[----Logo  Message Verified1-----]]>
  </system-out>
  <testcase classname="TestNG.Sample2" name="TC11" time="0.008"/>
  <system-out>
    <![CDATA[---Running TC11---]]>
  </system-out>
  <testcase classname="TestNG.Sample2" name="TC33" time="0.001"/>
  <system-out>
    <![CDATA[-----Running TC33---]]>
  </system-out>
  <testcase classname="TestNG.Sample2" name="TC55" time="0.001"/>
  <system-out>
    <![CDATA[-----Running TC55---]]>
  </system-out>
  <testcase classname="TestNG.Sample2" name="TC66" time="0.001"/>
  <system-out>
    <![CDATA[-----Running TC66---]]>
  </system-out>
</testsuite> <!-- TestNG.Sample2 -->
