<?xml version="1.0" encoding="UTF-8"?>
<!-- Generated by org.testng.reporters.JUnitReportReporter -->
<testsuite hostname="DESKTOP-E7CUST6" failures="0" tests="2" name="TestNG.TestNGClass1" time="0.020" errors="0" timestamp="2025-01-02T15:12:32 IST" skipped="0">
  <testcase classname="TestNG.TestNGClass1" name="TC1" time="0.016"/>
  <testcase classname="TestNG.TestNGClass1" name="TC2" time="0.004">
    <system-out>
      <![CDATA[TC 2 Running]]>
    </system-out>
  </testcase> <!-- TC2 -->
  <system-out>
    <![CDATA[TC 2 Running]]>
  </system-out>
</testsuite> <!-- TestNG.TestNGClass1 -->
