<?xml version="1.0" encoding="UTF-8"?>
<!-- Generated by org.testng.reporters.JUnitReportReporter -->
<testsuite hostname="DESKTOP-E7CUST6" failures="0" tests="12" name="TestNG.TestNGKeywords" time="1.033" errors="0" timestamp="2024-11-16T09:22:35 IST" skipped="1">
  <testcase classname="TestNG.TestNGKeywords" name="TC4" time="1.008"/>
  <system-out>
    <![CDATA[-----Running TC4---]]>
  </system-out>
  <testcase classname="TestNG.TestNGKeywords" name="TC6" time="0.003"/>
  <system-out>
    <![CDATA[-----Running TC6---]]>
  </system-out>
  <testcase classname="TestNG.TestNGKeywords" name="verifyLogo" time="0.001"/>
  <system-out>
    <![CDATA[----Logo Verified-----]]>
  </system-out>
  <testcase classname="TestNG.TestNGKeywords" name="TC3" time="0.009"/>
  <system-out>
    <![CDATA[-----Running TC3---]]>
  </system-out>
  <testcase classname="TestNG.TestNGKeywords" name="verifyLogo" time="0.003"/>
  <system-out>
    <![CDATA[----Logo Verified-----]]>
  </system-out>
  <testcase classname="TestNG.TestNGKeywords" name="verifyLogo" time="0.001"/>
  <system-out>
    <![CDATA[----Logo Verified-----]]>
  </system-out>
  <testcase classname="TestNG.TestNGKeywords" name="verifyLogo" time="0.002"/>
  <system-out>
    <![CDATA[----Logo Verified-----]]>
  </system-out>
  <testcase classname="TestNG.TestNGKeywords" name="verifyLogo" time="0.003"/>
  <system-out>
    <![CDATA[----Logo Verified-----]]>
  </system-out>
  <testcase classname="TestNG.TestNGKeywords" name="TC5" time="0.001"/>
  <system-out>
    <![CDATA[-----Running TC5---]]>
  </system-out>
  <testcase classname="TestNG.TestNGKeywords" name="TC1" time="0.001"/>
  <system-out>
    <![CDATA[---Running TC1---]]>
  </system-out>
  <testcase classname="TestNG.TestNGKeywords" name="verifyLogoMessage" time="0.001"/>
  <system-out>
    <![CDATA[----Logo  Message Verified-----]]>
  </system-out>
  <testcase classname="TestNG.TestNGKeywords" name="TC2">
    <skipped/>
  </testcase> <!-- TC2 -->
  <system-out/>
</testsuite> <!-- TestNG.TestNGKeywords -->
