<?xml version="1.0" encoding="UTF-8"?>
<!-- Generated by org.testng.reporters.JUnitReportReporter -->
<testsuite hostname="DESKTOP-E7CUST6" failures="0" tests="8" name="TestNG.Sample1" time="0.005" errors="0" timestamp="2024-11-16T09:26:52 IST" skipped="0">
  <testcase classname="TestNG.Sample1" name="TC6" time="0.001"/>
  <system-out>
    <![CDATA[-----Running TC6---]]>
  </system-out>
  <testcase classname="TestNG.Sample1" name="TC2" time="0.000"/>
  <system-out>
    <![CDATA[----Running TC2--]]>
  </system-out>
  <testcase classname="TestNG.Sample1" name="verifyLogo" time="0.001"/>
  <system-out>
    <![CDATA[----Logo Verified-----]]>
  </system-out>
  <testcase classname="TestNG.Sample1" name="TC5" time="0.001"/>
  <system-out>
    <![CDATA[-----Running TC5---]]>
  </system-out>
  <testcase classname="TestNG.Sample1" name="verifyLogoMessage" time="0.001"/>
  <system-out>
    <![CDATA[----Logo  Message Verified-----]]>
  </system-out>
  <testcase classname="TestNG.Sample1" name="TC1" time="0.001"/>
  <system-out>
    <![CDATA[---Running TC1---]]>
  </system-out>
  <testcase classname="TestNG.Sample1" name="TC4" time="0.000"/>
  <system-out>
    <![CDATA[-----Running TC4---]]>
  </system-out>
  <testcase classname="TestNG.Sample1" name="TC3" time="0.000"/>
  <system-out>
    <![CDATA[-----Running TC3---]]>
  </system-out>
</testsuite> <!-- TestNG.Sample1 -->
