<?xml version="1.0" encoding="UTF-8"?>
<!-- Generated by org.testng.reporters.JUnitReportReporter -->
<testsuite hostname="DESKTOP-E7CUST6" failures="0" tests="1" name="POM_DDF_TestNG_BaseClass_UtilityClass_SSOfOnlyFailedTCes_PropertyFile.SwagLabLoginTest" time="8.886" errors="0" timestamp="2024-11-26T21:05:19 IST" skipped="0">
  <testcase classname="POM_DDF_TestNG_BaseClass_UtilityClass_SSOfOnlyFailedTCes_PropertyFile.SwagLabLoginTest" name="verifyLogo" time="8.886"/>
  <system-out/>
</testsuite> <!-- POM_DDF_TestNG_BaseClass_UtilityClass_SSOfOnlyFailedTCes_PropertyFile.SwagLabLoginTest -->
