<?xml version="1.0" encoding="UTF-8"?>
<!-- Generated by org.testng.reporters.JUnitReportReporter -->
<testsuite hostname="DESKTOP-E7CUST6" failures="0" tests="2" name="Module1_LoginTest.SwagLabLoginTest" time="17.070" errors="0" timestamp="2025-01-24T12:17:15 IST" skipped="0">
  <testcase classname="Module1_LoginTest.SwagLabLoginTest" name="verifyLogo" time="9.581"/>
  <testcase classname="Module1_LoginTest.SwagLabLoginTest" name="verifyProductName" time="7.489"/>
</testsuite> <!-- Module1_LoginTest.SwagLabLoginTest -->
