<?xml version="1.0" encoding="UTF-8"?>
<!-- Generated by org.testng.reporters.JUnitReportReporter -->
<testsuite hostname="DESKTOP-E7CUST6" failures="0" tests="1" name="TestDemo.demoTest" time="5.911" errors="0" timestamp="2024-11-28T11:58:08 IST" skipped="0">
  <testcase classname="TestDemo.demoTest" name="TC1" time="5.911"/>
</testsuite> <!-- TestDemo.demoTest -->
