<?xml version="1.0" encoding="UTF-8"?>
<!-- Generated by org.testng.reporters.JUnitReportReporter -->
<testsuite hostname="DESKTOP-E7CUST6" failures="0" tests="32" name="Runner.RunAllPackageFeatureFile" time="0.773" errors="0" timestamp="2024-12-31T09:11:13 IST" skipped="0">
  <testcase classname="Runner.RunAllPackageFeatureFile" name="runScenario" time="0.049"/>
  <system-out/>
  <testcase classname="Runner.RunAllPackageFeatureFile" name="runScenario" time="0.012"/>
  <system-out/>
  <testcase classname="Runner.RunAllPackageFeatureFile" name="runScenario" time="0.011"/>
  <system-out/>
  <testcase classname="Runner.RunAllPackageFeatureFile" name="runScenario" time="0.021"/>
  <system-out/>
  <testcase classname="Runner.RunAllPackageFeatureFile" name="runScenario" time="0.015"/>
  <system-out/>
  <testcase classname="Runner.RunAllPackageFeatureFile" name="runScenario" time="0.013"/>
  <system-out/>
  <testcase classname="Runner.RunAllPackageFeatureFile" name="runScenario" time="0.212"/>
  <system-out/>
  <testcase classname="Runner.RunAllPackageFeatureFile" name="runScenario" time="0.012"/>
  <system-out/>
  <testcase classname="Runner.RunAllPackageFeatureFile" name="runScenario" time="0.009"/>
  <system-out/>
  <testcase classname="Runner.RunAllPackageFeatureFile" name="runScenario" time="0.015"/>
  <system-out/>
  <testcase classname="Runner.RunAllPackageFeatureFile" name="runScenario" time="0.020"/>
  <system-out/>
  <testcase classname="Runner.RunAllPackageFeatureFile" name="runScenario" time="0.037"/>
  <system-out/>
  <testcase classname="Runner.RunAllPackageFeatureFile" name="runScenario" time="0.008"/>
  <system-out/>
  <testcase classname="Runner.RunAllPackageFeatureFile" name="runScenario" time="0.020"/>
  <system-out/>
  <testcase classname="Runner.RunAllPackageFeatureFile" name="runScenario" time="0.014"/>
  <system-out/>
  <testcase classname="Runner.RunAllPackageFeatureFile" name="runScenario" time="0.016"/>
  <system-out/>
  <testcase classname="Runner.RunAllPackageFeatureFile" name="runScenario" time="0.013"/>
  <system-out/>
  <testcase classname="Runner.RunAllPackageFeatureFile" name="runScenario" time="0.027"/>
  <system-out/>
  <testcase classname="Runner.RunAllPackageFeatureFile" name="runScenario" time="0.027"/>
  <system-out/>
  <testcase classname="Runner.RunAllPackageFeatureFile" name="runScenario" time="0.023"/>
  <system-out/>
  <testcase classname="Runner.RunAllPackageFeatureFile" name="runScenario" time="0.011"/>
  <system-out/>
  <testcase classname="Runner.RunAllPackageFeatureFile" name="runScenario" time="0.014"/>
  <system-out/>
  <testcase classname="Runner.RunAllPackageFeatureFile" name="runScenario" time="0.016"/>
  <system-out/>
  <testcase classname="Runner.RunAllPackageFeatureFile" name="runScenario" time="0.016"/>
  <system-out/>
  <testcase classname="Runner.RunAllPackageFeatureFile" name="runScenario" time="0.038"/>
  <system-out/>
  <testcase classname="Runner.RunAllPackageFeatureFile" name="runScenario" time="0.019"/>
  <system-out/>
  <testcase classname="Runner.RunAllPackageFeatureFile" name="runScenario" time="0.014"/>
  <system-out/>
  <testcase classname="Runner.RunAllPackageFeatureFile" name="runScenario" time="0.016"/>
  <system-out/>
  <testcase classname="Runner.RunAllPackageFeatureFile" name="runScenario" time="0.013"/>
  <system-out/>
  <testcase classname="Runner.RunAllPackageFeatureFile" name="runScenario" time="0.020"/>
  <system-out/>
  <testcase classname="Runner.RunAllPackageFeatureFile" name="runScenario" time="0.011"/>
  <system-out/>
  <testcase classname="Runner.RunAllPackageFeatureFile" name="runScenario" time="0.011"/>
  <system-out/>
</testsuite> <!-- Runner.RunAllPackageFeatureFile -->
