<?xml version="1.0" encoding="UTF-8"?>
<!-- Generated by org.testng.reporters.JUnitReportReporter -->
<testsuite hostname="DESKTOP-E7CUST6" failures="0" tests="1" name="Runner.passTestdataFormatRunner" time="0.126" errors="0" timestamp="2024-12-27T09:56:35 IST" skipped="0">
  <testcase classname="Runner.passTestdataFormatRunner" name="runScenario" time="0.126"/>
  <system-out/>
</testsuite> <!-- Runner.passTestdataFormatRunner -->
