<?xml version="1.0" encoding="UTF-8"?>
<!-- Generated by org.testng.reporters.JUnitReportReporter -->
<testsuite hostname="DESKTOP-E7CUST6" failures="0" tests="1" name="Runner.TagsRunner" time="0.122" errors="0" timestamp="2024-12-30T10:43:43 IST" skipped="0">
  <testcase classname="Runner.TagsRunner" name="runScenario" time="0.122"/>
  <system-out/>
</testsuite> <!-- Runner.TagsRunner -->
