<?xml version="1.0" encoding="UTF-8"?>
<!-- Generated by org.testng.reporters.JUnitReportReporter -->
<testsuite hostname="DESKTOP-E7CUST6" failures="0" tests="1" name="Runner.runFailedTC" time="0.173" errors="0" timestamp="2024-12-31T10:37:41 IST" skipped="0">
  <testcase classname="Runner.runFailedTC" name="runScenario" time="0.173"/>
  <system-out/>
</testsuite> <!-- Runner.runFailedTC -->
