<?xml version="1.0" encoding="UTF-8"?>
<!-- Generated by org.testng.reporters.JUnitReportReporter -->
<testsuite hostname="DESKTOP-E7CUST6" failures="0" tests="1" name="Runner.DataTableUsingListRunner" time="0.099" errors="0" timestamp="2024-12-30T09:29:20 IST" skipped="0">
  <testcase classname="Runner.DataTableUsingListRunner" name="runScenario" time="0.099"/>
  <system-out/>
</testsuite> <!-- Runner.DataTableUsingListRunner -->
