<?xml version="1.0" encoding="UTF-8"?>
<!-- Generated by org.testng.reporters.JUnitReportReporter -->
<testsuite hostname="DESKTOP-E7CUST6" failures="0" tests="3" name="Runner.ScenarioOutlineRunner" time="0.286" errors="0" timestamp="2024-12-28T09:12:45 IST" skipped="0">
  <testcase classname="Runner.ScenarioOutlineRunner" name="runScenario" time="0.236"/>
  <system-out/>
  <testcase classname="Runner.ScenarioOutlineRunner" name="runScenario" time="0.036"/>
  <system-out/>
  <testcase classname="Runner.ScenarioOutlineRunner" name="runScenario" time="0.014"/>
  <system-out/>
</testsuite> <!-- Runner.ScenarioOutlineRunner -->
