<?xml version="1.0" encoding="UTF-8"?>
<!-- Generated by org.testng.reporters.JUnitReportReporter -->
<testsuite hostname="DESKTOP-E7CUST6" failures="0" tests="5" name="Runner.BackgroundKeyword_ScenarioOutlineWithScenario" time="0.200" errors="0" timestamp="2024-12-30T11:10:41 IST" skipped="0">
  <testcase classname="Runner.BackgroundKeyword_ScenarioOutlineWithScenario" name="runScenario" time="0.016"/>
  <system-out/>
  <testcase classname="Runner.BackgroundKeyword_ScenarioOutlineWithScenario" name="runScenario" time="0.027"/>
  <system-out/>
  <testcase classname="Runner.BackgroundKeyword_ScenarioOutlineWithScenario" name="runScenario" time="0.011"/>
  <system-out/>
  <testcase classname="Runner.BackgroundKeyword_ScenarioOutlineWithScenario" name="runScenario" time="0.023"/>
  <system-out/>
  <testcase classname="Runner.BackgroundKeyword_ScenarioOutlineWithScenario" name="runScenario" time="0.123"/>
  <system-out/>
</testsuite> <!-- Runner.BackgroundKeyword_ScenarioOutlineWithScenario -->
