<?xml version="1.0" encoding="UTF-8"?>
<!-- Generated by org.testng.reporters.JUnitReportReporter -->
<testsuite hostname="DESKTOP-E7CUST6" failures="0" tests="1" name="Runner.FacebookProfileRunner" time="0.113" errors="0" timestamp="2024-12-26T11:01:50 IST" skipped="0">
  <testcase classname="Runner.FacebookProfileRunner" name="runScenario" time="0.113"/>
  <system-out/>
</testsuite> <!-- Runner.FacebookProfileRunner -->
