<?xml version="1.0" encoding="UTF-8"?>
<!-- Generated by org.testng.reporters.JUnitReportReporter -->
<testsuite hostname="DESKTOP-E7CUST6" failures="0" tests="5" name="Runner.ScenarioOutlineWithScenario" time="0.317" errors="0" timestamp="2024-12-28T10:01:33 IST" skipped="0">
  <testcase classname="Runner.ScenarioOutlineWithScenario" name="runScenario" time="0.031"/>
  <system-out/>
  <testcase classname="Runner.ScenarioOutlineWithScenario" name="runScenario" time="0.057"/>
  <system-out/>
  <testcase classname="Runner.ScenarioOutlineWithScenario" name="runScenario" time="0.039"/>
  <system-out/>
  <testcase classname="Runner.ScenarioOutlineWithScenario" name="runScenario" time="0.021"/>
  <system-out/>
  <testcase classname="Runner.ScenarioOutlineWithScenario" name="runScenario" time="0.169"/>
  <system-out/>
</testsuite> <!-- Runner.ScenarioOutlineWithScenario -->
