<?xml version="1.0" encoding="UTF-8"?>
<!-- Generated by org.testng.reporters.JUnitReportReporter -->
<testsuite hostname="DESKTOP-E7CUST6" failures="0" tests="3" name="Runner.LoginToFacebookAppRunner" time="0.140" errors="0" timestamp="2024-12-26T10:56:13 IST" skipped="0">
  <testcase classname="Runner.LoginToFacebookAppRunner" name="runScenario" time="0.009"/>
  <system-out/>
  <testcase classname="Runner.LoginToFacebookAppRunner" name="runScenario" time="0.010"/>
  <system-out/>
  <testcase classname="Runner.LoginToFacebookAppRunner" name="runScenario" time="0.121"/>
  <system-out/>
</testsuite> <!-- Runner.LoginToFacebookAppRunner -->
