<?xml version="1.0" encoding="UTF-8"?>
<!-- Generated by org.testng.reporters.JUnitReportReporter -->
<testsuite hostname="DESKTOP-E7CUST6" failures="0" tests="4" name="Runner.UseOfBackgroundRunner" time="0.167" errors="0" timestamp="2024-12-27T10:09:59 IST" skipped="0">
  <testcase classname="Runner.UseOfBackgroundRunner" name="runScenario" time="0.016"/>
  <system-out/>
  <testcase classname="Runner.UseOfBackgroundRunner" name="runScenario" time="0.016"/>
  <system-out/>
  <testcase classname="Runner.UseOfBackgroundRunner" name="runScenario" time="0.013"/>
  <system-out/>
  <testcase classname="Runner.UseOfBackgroundRunner" name="runScenario" time="0.122"/>
  <system-out/>
</testsuite> <!-- Runner.UseOfBackgroundRunner -->
