<?xml version="1.0" encoding="UTF-8"?>
<!-- Generated by org.testng.reporters.JUnitReportReporter -->
<testsuite hostname="DESKTOP-E7CUST6" failures="0" tests="3" name="Runner.HooksRunner" time="0.172" errors="0" timestamp="2024-12-30T10:28:43 IST" skipped="0">
  <testcase classname="Runner.HooksRunner" name="runScenario" time="0.129"/>
  <system-out/>
  <testcase classname="Runner.HooksRunner" name="runScenario" time="0.014"/>
  <system-out/>
  <testcase classname="Runner.HooksRunner" name="runScenario" time="0.029"/>
  <system-out/>
</testsuite> <!-- Runner.HooksRunner -->
