<?xml version="1.0" encoding="UTF-8"?>
<!-- Generated by org.testng.reporters.JUnitReportReporter -->
<testsuite hostname="DESKTOP-E7CUST6" failures="0" tests="2" name="Runner.LoginToAppRunner" time="0.146" errors="0" timestamp="2024-12-27T09:49:25 IST" skipped="0">
  <testcase classname="Runner.LoginToAppRunner" name="runScenario" time="0.125"/>
  <system-out/>
  <testcase classname="Runner.LoginToAppRunner" name="runScenario" time="0.021"/>
  <system-out/>
</testsuite> <!-- Runner.LoginToAppRunner -->
