<?xml version="1.0" encoding="UTF-8"?>
<!-- Generated by org.testng.reporters.JUnitReportReporter -->
<testsuite hostname="DESKTOP-E7CUST6" failures="0" tests="7" name="Runner.RunMultipleFeatureFile" time="0.450" errors="0" timestamp="2024-12-31T09:10:59 IST" skipped="0">
  <testcase classname="Runner.RunMultipleFeatureFile" name="runScenario" time="0.031"/>
  <system-out/>
  <testcase classname="Runner.RunMultipleFeatureFile" name="runScenario" time="0.043"/>
  <system-out/>
  <testcase classname="Runner.RunMultipleFeatureFile" name="runScenario" time="0.028"/>
  <system-out/>
  <testcase classname="Runner.RunMultipleFeatureFile" name="runScenario" time="0.042"/>
  <system-out/>
  <testcase classname="Runner.RunMultipleFeatureFile" name="runScenario" time="0.031"/>
  <system-out/>
  <testcase classname="Runner.RunMultipleFeatureFile" name="runScenario" time="0.019"/>
  <system-out/>
  <testcase classname="Runner.RunMultipleFeatureFile" name="runScenario" time="0.256"/>
  <system-out/>
</testsuite> <!-- Runner.RunMultipleFeatureFile -->
