<?xml version="1.0" encoding="UTF-8"?>
<!-- Generated by org.testng.reporters.JUnitReportReporter -->
<testsuite hostname="DESKTOP-E7CUST6" failures="0" tests="1" name="Runner.DataTableUsingMapRunner" time="0.115" errors="0" timestamp="2024-12-30T09:34:16 IST" skipped="0">
  <testcase classname="Runner.DataTableUsingMapRunner" name="runScenario" time="0.115"/>
  <system-out/>
</testsuite> <!-- Runner.DataTableUsingMapRunner -->
